<?xml version="1.0" encoding="UTF-8"?>
<coverage generated="1631815321514" clover="3.2.0">
  <project timestamp="1631815321514" name="All files">
    <metrics statements="17" coveredstatements="17" conditionals="2" coveredconditionals="1" methods="4" coveredmethods="4" elements="23" coveredelements="22" complexity="0" loc="17" ncloc="17" packages="1" files="1" classes="1"/>
    <file name="app.js" path="/home/oliver/Documentos/Cursos/APITestingJS/src/app.js">
      <metrics statements="17" coveredstatements="17" conditionals="2" coveredconditionals="1" methods="4" coveredmethods="4"/>
      <line num="1" count="1" type="stmt"/>
      <line num="3" count="1" type="stmt"/>
      <line num="5" count="1" type="stmt"/>
      <line num="6" count="1" type="stmt"/>
      <line num="8" count="1" type="stmt"/>
      <line num="9" count="2" type="stmt"/>
      <line num="12" count="1" type="stmt"/>
      <line num="13" count="4" type="stmt"/>
      <line num="14" count="4" type="stmt"/>
      <line num="17" count="1" type="stmt"/>
      <line num="18" count="1" type="stmt"/>
      <line num="20" count="1" type="cond" truecount="1" falsecount="1"/>
      <line num="21" count="1" type="stmt"/>
      <line num="23" count="1" type="stmt"/>
      <line num="26" count="1" type="stmt"/>
      <line num="27" count="2" type="stmt"/>
      <line num="30" count="1" type="stmt"/>
    </file>
  </project>
</coverage>
