<?xml version="1.0" ?>
<!DOCTYPE coverage SYSTEM "http://cobertura.sourceforge.net/xml/coverage-04.dtd">
<coverage lines-valid="17" lines-covered="17" line-rate="1" branches-valid="2" branches-covered="1" branch-rate="0.5" timestamp="1631815457582" complexity="0" version="0.1">
  <sources>
    <source>/home/oliver/Documentos/Cursos/APITestingJS</source>
  </sources>
  <packages>
    <class name="app.js" filename="src/app.js" line-rate="1" branch-rate="0.5">
      <methods>
        <method name="(anonymous_0)" hits="2" signature="()V">
          <lines>
            <line number="8" hits="2"/>
          </lines>
        </method>
        <method name="(anonymous_1)" hits="4" signature="()V">
          <lines>
            <line number="12" hits="4"/>
          </lines>
        </method>
        <method name="(anonymous_2)" hits="1" signature="()V">
          <lines>
            <line number="17" hits="1"/>
          </lines>
        </method>
        <method name="(anonymous_3)" hits="2" signature="()V">
          <lines>
            <line number="26" hits="2"/>
          </lines>
        </method>
      </methods>
      <lines>
        <line number="1" hits="1" branch="false"/>
        <line number="3" hits="1" branch="false"/>
        <line number="5" hits="1" branch="false"/>
        <line number="6" hits="1" branch="false"/>
        <line number="8" hits="1" branch="false"/>
        <line number="9" hits="2" branch="false"/>
        <line number="12" hits="1" branch="false"/>
        <line number="13" hits="4" branch="false"/>
        <line number="14" hits="4" branch="false"/>
        <line number="17" hits="1" branch="false"/>
        <line number="18" hits="1" branch="false"/>
        <line number="20" hits="1" branch="true" condition-coverage="50% (1/2)"/>
        <line number="21" hits="1" branch="false"/>
        <line number="23" hits="1" branch="false"/>
        <line number="26" hits="1" branch="false"/>
        <line number="27" hits="2" branch="false"/>
        <line number="30" hits="1" branch="false"/>
      </lines>
    </class>
  </packages>
</coverage>
